.local.git.out: needs merge
[master 6a4a42b] Commit
 Committer: Haoran Wang <wang2226@data.cs.purdue.edu>
Your name and email address were configured automatically based
on your username and hostname. Please check that they are accurate.
You can suppress this message by setting them explicitly:

    git config --global user.name "Your Name"
    git config --global user.email you@example.com

After doing this, you may fix the identity used for this commit with:

    git commit --amend --reset-author

M	.local.git.out
Your branch is up-to-date with 'origin/master'.
[master 413cd24] Commit
 Committer: Haoran Wang <wang2226@data.cs.purdue.edu>
Your name and email address were configured automatically based
on your username and hostname. Please check that they are accurate.
You can suppress this message by setting them explicitly:

    git config --global user.name "Your Name"
    git config --global user.email you@example.com

After doing this, you may fix the identity used for this commit with:

    git commit --amend --reset-author

 1 file changed, 15 insertions(+)
M	.local.git.out
M	shell.cc
Your branch is up-to-date with 'origin/master'.
[master e4846d4] Commit
 Committer: Haoran Wang <wang2226@data.cs.purdue.edu>
Your name and email address were configured automatically based
on your username and hostname. Please check that they are accurate.
You can suppress this message by setting them explicitly:

    git config --global user.name "Your Name"
    git config --global user.email you@example.com

After doing this, you may fix the identity used for this commit with:

    git commit --amend --reset-author

 2 files changed, 19 insertions(+), 2 deletions(-)
M	.local.git.out
M	shell.cc
Your branch is up-to-date with 'origin/master'.
[master 685bd03] Commit
 Committer: Haoran Wang <wang2226@data.cs.purdue.edu>
Your name and email address were configured automatically based
on your username and hostname. Please check that they are accurate.
You can suppress this message by setting them explicitly:

    git config --global user.name "Your Name"
    git config --global user.email you@example.com

After doing this, you may fix the identity used for this commit with:

    git commit --amend --reset-author

 2 files changed, 18 insertions(+)
M	.local.git.out
Your branch is up-to-date with 'origin/master'.
[master 41c003b] Commit
 Committer: Haoran Wang <wang2226@data.cs.purdue.edu>
Your name and email address were configured automatically based
on your username and hostname. Please check that they are accurate.
You can suppress this message by setting them explicitly:

    git config --global user.name "Your Name"
    git config --global user.email you@example.com

After doing this, you may fix the identity used for this commit with:

    git commit --amend --reset-author

 1 file changed, 16 insertions(+)
M	.local.git.out
M	command.cc
Your branch is up-to-date with 'origin/master'.
[master f46df54] Commit
 Committer: Haoran Wang <wang2226@data.cs.purdue.edu>
Your name and email address were configured automatically based
on your username and hostname. Please check that they are accurate.
You can suppress this message by setting them explicitly:

    git config --global user.name "Your Name"
    git config --global user.email you@example.com

After doing this, you may fix the identity used for this commit with:

    git commit --amend --reset-author

 2 files changed, 22 insertions(+)
M	.local.git.out
M	shell.cc
Your branch is up-to-date with 'origin/master'.
[master d4698b0] Commit
 Committer: Haoran Wang <wang2226@data.cs.purdue.edu>
Your name and email address were configured automatically based
on your username and hostname. Please check that they are accurate.
You can suppress this message by setting them explicitly:

    git config --global user.name "Your Name"
    git config --global user.email you@example.com

After doing this, you may fix the identity used for this commit with:

    git commit --amend --reset-author

 2 files changed, 18 insertions(+), 1 deletion(-)
M	.local.git.out
M	shell.cc
M	shell.l
Your branch is up-to-date with 'origin/master'.
[master b1ce118] Commit
 Committer: Haoran Wang <wang2226@data.cs.purdue.edu>
Your name and email address were configured automatically based
on your username and hostname. Please check that they are accurate.
You can suppress this message by setting them explicitly:

    git config --global user.name "Your Name"
    git config --global user.email you@example.com

After doing this, you may fix the identity used for this commit with:

    git commit --amend --reset-author

 3 files changed, 26 insertions(+), 1 deletion(-)
M	.local.git.out
M	shell.l
Your branch is up-to-date with 'origin/master'.
[master 7cebf01] Commit
 Committer: Haoran Wang <wang2226@data.cs.purdue.edu>
Your name and email address were configured automatically based
on your username and hostname. Please check that they are accurate.
You can suppress this message by setting them explicitly:

    git config --global user.name "Your Name"
    git config --global user.email you@example.com

After doing this, you may fix the identity used for this commit with:

    git commit --amend --reset-author

 2 files changed, 18 insertions(+), 1 deletion(-)
M	.local.git.out
M	shell.l
Your branch is up-to-date with 'origin/master'.
[master eca56dd] Commit
 Committer: Haoran Wang <wang2226@data.cs.purdue.edu>
Your name and email address were configured automatically based
on your username and hostname. Please check that they are accurate.
You can suppress this message by setting them explicitly:

    git config --global user.name "Your Name"
    git config --global user.email you@example.com

After doing this, you may fix the identity used for this commit with:

    git commit --amend --reset-author

 2 files changed, 18 insertions(+), 1 deletion(-)
M	.local.git.out
Your branch is up-to-date with 'origin/master'.
[master 54616be] Commit
 Committer: Haoran Wang <wang2226@data.cs.purdue.edu>
Your name and email address were configured automatically based
on your username and hostname. Please check that they are accurate.
You can suppress this message by setting them explicitly:

    git config --global user.name "Your Name"
    git config --global user.email you@example.com

After doing this, you may fix the identity used for this commit with:

    git commit --amend --reset-author

 1 file changed, 16 insertions(+)
M	.local.git.out
M	shell.l
Your branch is up-to-date with 'origin/master'.
[master e8727fd] Commit
 Committer: Haoran Wang <wang2226@data.cs.purdue.edu>
Your name and email address were configured automatically based
on your username and hostname. Please check that they are accurate.
You can suppress this message by setting them explicitly:

    git config --global user.name "Your Name"
    git config --global user.email you@example.com

After doing this, you may fix the identity used for this commit with:

    git commit --amend --reset-author

 2 files changed, 19 insertions(+), 1 deletion(-)
M	.local.git.out
M	shell.l
Your branch is up-to-date with 'origin/master'.
